<?xml version="1.0" encoding="UTF-8"?>
<testng-results ignored="0" total="1" passed="1" failed="0" skipped="0">
  <reporter-output>
  </reporter-output>
  <suite started-at="2021-06-14T20:35:56 IST" name="Default suite" finished-at="2021-06-14T20:37:18 IST" duration-ms="82502">
    <groups>
    </groups>
    <test started-at="2021-06-14T20:35:56 IST" name="Default test" finished-at="2021-06-14T20:37:18 IST" duration-ms="82502">
      <class name="com.lennox.test.NavigationMenuSubMenu_TC">
        <test-method is-config="true" signature="setup()[pri:0, instance:com.lennox.test.NavigationMenuSubMenu_TC@5136d012]" started-at="2021-06-14T20:35:56 IST" name="setup" finished-at="2021-06-14T20:36:05 IST" duration-ms="9027" status="PASS">
          <reporter-output>
          </reporter-output>
        </test-method> <!-- setup -->
        <test-method signature="selectmenu(java.lang.String, java.lang.String, java.lang.String, java.lang.String, java.lang.String, java.lang.String, java.lang.String)[pri:0, instance:com.lennox.test.NavigationMenuSubMenu_TC@5136d012]" started-at="2021-06-14T20:36:07 IST" name="selectmenu" data-provider="Menu" finished-at="2021-06-14T20:37:17 IST" duration-ms="70773" status="PASS">
          <params>
            <param index="0">
              <value>
                <![CDATA[Parts and Supplies]]>
              </value>
            </param>
            <param index="1">
              <value>
                <![CDATA[Compressors]]>
              </value>
            </param>
            <param index="2">
              <value>
                <![CDATA[10T46]]>
              </value>
            </param>
            <param index="3">
              <value>
                <![CDATA[Compressors]]>
              </value>
            </param>
            <param index="4">
              <value>
                <![CDATA[Replace your compressor at LennoxPros.com]]>
              </value>
            </param>
            <param index="5">
              <value>
                <![CDATA[H22J38BABC]]>
              </value>
            </param>
            <param index="6">
              <value>
                <![CDATA[$1,173.00]]>
              </value>
            </param>
          </params>
          <reporter-output>
          </reporter-output>
        </test-method> <!-- selectmenu -->
        <test-method is-config="true" signature="tearDown()[pri:0, instance:com.lennox.test.NavigationMenuSubMenu_TC@5136d012]" started-at="2021-06-14T20:37:17 IST" name="tearDown" finished-at="2021-06-14T20:37:18 IST" duration-ms="837" status="PASS">
          <reporter-output>
          </reporter-output>
        </test-method> <!-- tearDown -->
      </class> <!-- com.lennox.test.NavigationMenuSubMenu_TC -->
    </test> <!-- Default test -->
  </suite> <!-- Default suite -->
</testng-results>
